<?xml version="1.0" encoding="UTF-8"?>
<testng-results ignored="0" total="1" passed="1" failed="0" skipped="0">
  <reporter-output>
  </reporter-output>
  <suite started-at="2023-04-27T22:19:43 IST" name="Default suite" finished-at="2023-04-27T22:19:46 IST" duration-ms="2775">
    <groups>
    </groups>
    <test started-at="2023-04-27T22:19:43 IST" name="Default test" finished-at="2023-04-27T22:19:46 IST" duration-ms="2775">
      <class name="Demo.TrelloApi">
        <test-method signature="CreateaBoard()[pri:0, instance:Demo.TrelloApi@625732]" started-at="2023-04-27T22:19:43 IST" name="CreateaBoard" finished-at="2023-04-27T22:19:46 IST" duration-ms="2732" status="PASS">
          <reporter-output>
          </reporter-output>
        </test-method> <!-- CreateaBoard -->
      </class> <!-- Demo.TrelloApi -->
    </test> <!-- Default test -->
  </suite> <!-- Default suite -->
</testng-results>
