<?xml version="1.0" encoding="UTF-8"?>
<testng-results ignored="0" total="1" passed="1" failed="0" skipped="0">
  <reporter-output>
  </reporter-output>
  <suite started-at="2023-05-02T15:57:47 IST" name="Default suite" finished-at="2023-05-02T15:57:52 IST" duration-ms="5257">
    <groups>
    </groups>
    <test started-at="2023-05-02T15:57:47 IST" name="Default test" finished-at="2023-05-02T15:57:52 IST" duration-ms="5257">
      <class name="TestCases.GitHubRepo">
        <test-method signature="createRepository()[pri:0, instance:TestCases.GitHubRepo@2f217633]" started-at="2023-05-02T15:57:47 IST" name="createRepository" finished-at="2023-05-02T15:57:52 IST" duration-ms="5181" status="PASS">
          <reporter-output>
          </reporter-output>
        </test-method> <!-- createRepository -->
      </class> <!-- TestCases.GitHubRepo -->
    </test> <!-- Default test -->
  </suite> <!-- Default suite -->
</testng-results>
